[03-Feb-2023 00:10:30 America/Lima] Inicio de la Aplicación
[03-Feb-2023 00:10:30 America/Lima] PHP Deprecated:  rtrim(): Passing null to parameter #1 ($string) of type string is deprecated in C:\xampp\htdocs\curso\proyecto\libs\app.php on line 9
[03-Feb-2023 00:10:30 America/Lima] PHP Stack trace:
[03-Feb-2023 00:10:30 America/Lima] PHP   1. {main}() C:\xampp\htdocs\curso\proyecto\index.php:0
[03-Feb-2023 00:10:30 America/Lima] PHP   2. App->__construct() C:\xampp\htdocs\curso\proyecto\index.php:16
[03-Feb-2023 00:10:30 America/Lima] PHP   3. rtrim($string = NULL, $characters = '/') C:\xampp\htdocs\curso\proyecto\libs\app.php:9
[03-Feb-2023 00:10:30 America/Lima] App::construct-> No hay controlador especificado
[03-Feb-2023 00:10:30 America/Lima] Login::construct -> Inicio de Login
[03-Feb-2023 00:10:30 America/Lima] PHP Fatal error:  Uncaught Error: Call to undefined method Login::loadModel() in C:\xampp\htdocs\curso\proyecto\libs\app.php:17
Stack trace:
#0 C:\xampp\htdocs\curso\proyecto\index.php(16): App->__construct()
#1 {main}
  thrown in C:\xampp\htdocs\curso\proyecto\libs\app.php on line 17
[03-Feb-2023 00:10:55 America/Lima] Inicio de la Aplicación
[03-Feb-2023 00:10:55 America/Lima] PHP Deprecated:  rtrim(): Passing null to parameter #1 ($string) of type string is deprecated in C:\xampp\htdocs\curso\proyecto\libs\app.php on line 9
[03-Feb-2023 00:10:55 America/Lima] PHP Stack trace:
[03-Feb-2023 00:10:55 America/Lima] PHP   1. {main}() C:\xampp\htdocs\curso\proyecto\index.php:0
[03-Feb-2023 00:10:55 America/Lima] PHP   2. App->__construct() C:\xampp\htdocs\curso\proyecto\index.php:16
[03-Feb-2023 00:10:55 America/Lima] PHP   3. rtrim($string = NULL, $characters = '/') C:\xampp\htdocs\curso\proyecto\libs\app.php:9
[03-Feb-2023 00:10:55 America/Lima] App::construct-> No hay controlador especificado
[03-Feb-2023 00:10:55 America/Lima] Login::construct -> Inicio de Login
[03-Feb-2023 00:11:13 America/Lima] Inicio de la Aplicación
[03-Feb-2023 00:11:18 America/Lima] Inicio de la Aplicación
[03-Feb-2023 11:32:16 America/Lima] Inicio de la Aplicación
[03-Feb-2023 11:32:16 America/Lima] PHP Deprecated:  rtrim(): Passing null to parameter #1 ($string) of type string is deprecated in C:\xampp\htdocs\curso\proyecto\libs\app.php on line 9
[03-Feb-2023 11:32:16 America/Lima] PHP Stack trace:
[03-Feb-2023 11:32:16 America/Lima] PHP   1. {main}() C:\xampp\htdocs\curso\proyecto\index.php:0
[03-Feb-2023 11:32:16 America/Lima] PHP   2. App->__construct() C:\xampp\htdocs\curso\proyecto\index.php:16
[03-Feb-2023 11:32:16 America/Lima] PHP   3. rtrim($string = NULL, $characters = '/') C:\xampp\htdocs\curso\proyecto\libs\app.php:9
[03-Feb-2023 11:32:16 America/Lima] App::construct-> No hay controlador especificado
[03-Feb-2023 11:32:16 America/Lima] Login::construct -> Inicio de Login
[03-Feb-2023 11:32:24 America/Lima] Inicio de la Aplicación
[03-Feb-2023 11:37:59 America/Lima] Inicio de la Aplicación
[03-Feb-2023 11:37:59 America/Lima] PHP Deprecated:  rtrim(): Passing null to parameter #1 ($string) of type string is deprecated in C:\xampp\htdocs\curso\proyecto\libs\app.php on line 9
[03-Feb-2023 11:37:59 America/Lima] PHP Stack trace:
[03-Feb-2023 11:37:59 America/Lima] PHP   1. {main}() C:\xampp\htdocs\curso\proyecto\index.php:0
[03-Feb-2023 11:37:59 America/Lima] PHP   2. App->__construct() C:\xampp\htdocs\curso\proyecto\index.php:16
[03-Feb-2023 11:37:59 America/Lima] PHP   3. rtrim($string = NULL, $characters = '/') C:\xampp\htdocs\curso\proyecto\libs\app.php:9
[03-Feb-2023 11:37:59 America/Lima] App::construct-> No hay controlador especificado
[03-Feb-2023 11:37:59 America/Lima] Login::construct -> Inicio de Login
[03-Feb-2023 11:52:51 America/Lima] Inicio de la Aplicación
[03-Feb-2023 11:52:51 America/Lima] PHP Deprecated:  rtrim(): Passing null to parameter #1 ($string) of type string is deprecated in C:\xampp\htdocs\curso\proyecto\libs\app.php on line 9
[03-Feb-2023 11:52:51 America/Lima] PHP Stack trace:
[03-Feb-2023 11:52:51 America/Lima] PHP   1. {main}() C:\xampp\htdocs\curso\proyecto\index.php:0
[03-Feb-2023 11:52:51 America/Lima] PHP   2. App->__construct() C:\xampp\htdocs\curso\proyecto\index.php:16
[03-Feb-2023 11:52:51 America/Lima] PHP   3. rtrim($string = NULL, $characters = '/') C:\xampp\htdocs\curso\proyecto\libs\app.php:9
[03-Feb-2023 11:52:51 America/Lima] App::construct-> No hay controlador especificado
[03-Feb-2023 11:52:51 America/Lima] Login::construct -> Inicio de Login
[03-Feb-2023 11:52:54 America/Lima] Inicio de la Aplicación
[03-Feb-2023 11:56:47 America/Lima] Inicio de la Aplicación
[03-Feb-2023 11:56:49 America/Lima] Inicio de la Aplicación
[03-Feb-2023 11:56:49 America/Lima] PHP Deprecated:  rtrim(): Passing null to parameter #1 ($string) of type string is deprecated in C:\xampp\htdocs\curso\proyecto\libs\app.php on line 9
[03-Feb-2023 11:56:49 America/Lima] PHP Stack trace:
[03-Feb-2023 11:56:49 America/Lima] PHP   1. {main}() C:\xampp\htdocs\curso\proyecto\index.php:0
[03-Feb-2023 11:56:49 America/Lima] PHP   2. App->__construct() C:\xampp\htdocs\curso\proyecto\index.php:22
[03-Feb-2023 11:56:49 America/Lima] PHP   3. rtrim($string = NULL, $characters = '/') C:\xampp\htdocs\curso\proyecto\libs\app.php:9
[03-Feb-2023 11:56:49 America/Lima] App::construct-> No hay controlador especificado
[03-Feb-2023 11:56:49 America/Lima] Login::construct -> Inicio de Login
[03-Feb-2023 11:59:26 America/Lima] Inicio de la Aplicación
[03-Feb-2023 11:59:26 America/Lima] PHP Deprecated:  rtrim(): Passing null to parameter #1 ($string) of type string is deprecated in C:\xampp\htdocs\curso\proyecto\libs\app.php on line 9
[03-Feb-2023 11:59:26 America/Lima] PHP Stack trace:
[03-Feb-2023 11:59:26 America/Lima] PHP   1. {main}() C:\xampp\htdocs\curso\proyecto\index.php:0
[03-Feb-2023 11:59:26 America/Lima] PHP   2. App->__construct() C:\xampp\htdocs\curso\proyecto\index.php:22
[03-Feb-2023 11:59:26 America/Lima] PHP   3. rtrim($string = NULL, $characters = '/') C:\xampp\htdocs\curso\proyecto\libs\app.php:9
[03-Feb-2023 11:59:26 America/Lima] App::construct-> No hay controlador especificado
[03-Feb-2023 11:59:26 America/Lima] Login::construct -> Inicio de Login
[03-Feb-2023 12:01:02 America/Lima] Inicio de la Aplicación
[03-Feb-2023 12:01:03 America/Lima] Inicio de la Aplicación
[03-Feb-2023 12:01:16 America/Lima] Inicio de la Aplicación
[03-Feb-2023 12:01:16 America/Lima] PHP Deprecated:  rtrim(): Passing null to parameter #1 ($string) of type string is deprecated in C:\xampp\htdocs\curso\proyecto\libs\app.php on line 9
[03-Feb-2023 12:01:16 America/Lima] PHP Stack trace:
[03-Feb-2023 12:01:16 America/Lima] PHP   1. {main}() C:\xampp\htdocs\curso\proyecto\index.php:0
[03-Feb-2023 12:01:16 America/Lima] PHP   2. App->__construct() C:\xampp\htdocs\curso\proyecto\index.php:22
[03-Feb-2023 12:01:16 America/Lima] PHP   3. rtrim($string = NULL, $characters = '/') C:\xampp\htdocs\curso\proyecto\libs\app.php:9
[03-Feb-2023 12:01:16 America/Lima] App::construct-> No hay controlador especificado
[03-Feb-2023 12:01:16 America/Lima] Login::construct -> Inicio de Login
[03-Feb-2023 12:02:01 America/Lima] Inicio de la Aplicación
[03-Feb-2023 12:02:01 America/Lima] PHP Deprecated:  rtrim(): Passing null to parameter #1 ($string) of type string is deprecated in C:\xampp\htdocs\curso\proyecto\libs\app.php on line 9
[03-Feb-2023 12:02:01 America/Lima] PHP Stack trace:
[03-Feb-2023 12:02:01 America/Lima] PHP   1. {main}() C:\xampp\htdocs\curso\proyecto\index.php:0
[03-Feb-2023 12:02:01 America/Lima] PHP   2. App->__construct() C:\xampp\htdocs\curso\proyecto\index.php:22
[03-Feb-2023 12:02:01 America/Lima] PHP   3. rtrim($string = NULL, $characters = '/') C:\xampp\htdocs\curso\proyecto\libs\app.php:9
[03-Feb-2023 12:02:01 America/Lima] App::construct-> No hay controlador especificado
[03-Feb-2023 12:02:01 America/Lima] Login::construct -> Inicio de Login
[03-Feb-2023 12:02:56 America/Lima] Inicio de la Aplicación
[03-Feb-2023 12:02:56 America/Lima] PHP Deprecated:  rtrim(): Passing null to parameter #1 ($string) of type string is deprecated in C:\xampp\htdocs\curso\proyecto\libs\app.php on line 9
[03-Feb-2023 12:02:56 America/Lima] PHP Stack trace:
[03-Feb-2023 12:02:56 America/Lima] PHP   1. {main}() C:\xampp\htdocs\curso\proyecto\index.php:0
[03-Feb-2023 12:02:56 America/Lima] PHP   2. App->__construct() C:\xampp\htdocs\curso\proyecto\index.php:22
[03-Feb-2023 12:02:56 America/Lima] PHP   3. rtrim($string = NULL, $characters = '/') C:\xampp\htdocs\curso\proyecto\libs\app.php:9
[03-Feb-2023 12:02:56 America/Lima] App::construct-> No hay controlador especificado
[03-Feb-2023 12:02:56 America/Lima] Login::construct -> Inicio de Login
[03-Feb-2023 12:02:56 America/Lima] Login::render -> Carga el index del login
[03-Feb-2023 12:02:58 America/Lima] Inicio de la Aplicación
[03-Feb-2023 12:02:58 America/Lima] PHP Deprecated:  rtrim(): Passing null to parameter #1 ($string) of type string is deprecated in C:\xampp\htdocs\curso\proyecto\libs\app.php on line 9
[03-Feb-2023 12:02:58 America/Lima] PHP Stack trace:
[03-Feb-2023 12:02:58 America/Lima] PHP   1. {main}() C:\xampp\htdocs\curso\proyecto\index.php:0
[03-Feb-2023 12:02:58 America/Lima] PHP   2. App->__construct() C:\xampp\htdocs\curso\proyecto\index.php:22
[03-Feb-2023 12:02:58 America/Lima] PHP   3. rtrim($string = NULL, $characters = '/') C:\xampp\htdocs\curso\proyecto\libs\app.php:9
[03-Feb-2023 12:02:58 America/Lima] App::construct-> No hay controlador especificado
[03-Feb-2023 12:02:58 America/Lima] Login::construct -> Inicio de Login
[03-Feb-2023 12:02:58 America/Lima] Login::render -> Carga el index del login
[03-Feb-2023 12:02:59 America/Lima] Inicio de la Aplicación
[03-Feb-2023 12:02:59 America/Lima] PHP Deprecated:  rtrim(): Passing null to parameter #1 ($string) of type string is deprecated in C:\xampp\htdocs\curso\proyecto\libs\app.php on line 9
[03-Feb-2023 12:02:59 America/Lima] PHP Stack trace:
[03-Feb-2023 12:02:59 America/Lima] PHP   1. {main}() C:\xampp\htdocs\curso\proyecto\index.php:0
[03-Feb-2023 12:02:59 America/Lima] PHP   2. App->__construct() C:\xampp\htdocs\curso\proyecto\index.php:22
[03-Feb-2023 12:02:59 America/Lima] PHP   3. rtrim($string = NULL, $characters = '/') C:\xampp\htdocs\curso\proyecto\libs\app.php:9
[03-Feb-2023 12:02:59 America/Lima] App::construct-> No hay controlador especificado
[03-Feb-2023 12:02:59 America/Lima] Login::construct -> Inicio de Login
[03-Feb-2023 12:02:59 America/Lima] Login::render -> Carga el index del login
[03-Feb-2023 12:02:59 America/Lima] Inicio de la Aplicación
[03-Feb-2023 12:02:59 America/Lima] PHP Deprecated:  rtrim(): Passing null to parameter #1 ($string) of type string is deprecated in C:\xampp\htdocs\curso\proyecto\libs\app.php on line 9
[03-Feb-2023 12:02:59 America/Lima] PHP Stack trace:
[03-Feb-2023 12:02:59 America/Lima] PHP   1. {main}() C:\xampp\htdocs\curso\proyecto\index.php:0
[03-Feb-2023 12:02:59 America/Lima] PHP   2. App->__construct() C:\xampp\htdocs\curso\proyecto\index.php:22
[03-Feb-2023 12:02:59 America/Lima] PHP   3. rtrim($string = NULL, $characters = '/') C:\xampp\htdocs\curso\proyecto\libs\app.php:9
[03-Feb-2023 12:02:59 America/Lima] App::construct-> No hay controlador especificado
[03-Feb-2023 12:02:59 America/Lima] Login::construct -> Inicio de Login
[03-Feb-2023 12:02:59 America/Lima] Login::render -> Carga el index del login
[03-Feb-2023 12:03:00 America/Lima] Inicio de la Aplicación
[03-Feb-2023 12:03:00 America/Lima] PHP Deprecated:  rtrim(): Passing null to parameter #1 ($string) of type string is deprecated in C:\xampp\htdocs\curso\proyecto\libs\app.php on line 9
[03-Feb-2023 12:03:00 America/Lima] PHP Stack trace:
[03-Feb-2023 12:03:00 America/Lima] PHP   1. {main}() C:\xampp\htdocs\curso\proyecto\index.php:0
[03-Feb-2023 12:03:00 America/Lima] PHP   2. App->__construct() C:\xampp\htdocs\curso\proyecto\index.php:22
[03-Feb-2023 12:03:00 America/Lima] PHP   3. rtrim($string = NULL, $characters = '/') C:\xampp\htdocs\curso\proyecto\libs\app.php:9
[03-Feb-2023 12:03:00 America/Lima] App::construct-> No hay controlador especificado
[03-Feb-2023 12:03:00 America/Lima] Login::construct -> Inicio de Login
[03-Feb-2023 12:03:00 America/Lima] Login::render -> Carga el index del login
[03-Feb-2023 12:03:01 America/Lima] Inicio de la Aplicación
[03-Feb-2023 12:03:01 America/Lima] PHP Deprecated:  rtrim(): Passing null to parameter #1 ($string) of type string is deprecated in C:\xampp\htdocs\curso\proyecto\libs\app.php on line 9
[03-Feb-2023 12:03:01 America/Lima] PHP Stack trace:
[03-Feb-2023 12:03:01 America/Lima] PHP   1. {main}() C:\xampp\htdocs\curso\proyecto\index.php:0
[03-Feb-2023 12:03:01 America/Lima] PHP   2. App->__construct() C:\xampp\htdocs\curso\proyecto\index.php:22
[03-Feb-2023 12:03:01 America/Lima] PHP   3. rtrim($string = NULL, $characters = '/') C:\xampp\htdocs\curso\proyecto\libs\app.php:9
[03-Feb-2023 12:03:01 America/Lima] App::construct-> No hay controlador especificado
[03-Feb-2023 12:03:01 America/Lima] Login::construct -> Inicio de Login
[03-Feb-2023 12:03:01 America/Lima] Login::render -> Carga el index del login
[03-Feb-2023 12:39:11 America/Lima] Inicio de la Aplicación
[03-Feb-2023 12:39:11 America/Lima] PHP Fatal error:  Uncaught Error: Class "App" not found in C:\xampp\htdocs\curso\proyecto\index.php:17
Stack trace:
#0 {main}
  thrown in C:\xampp\htdocs\curso\proyecto\index.php on line 17
[03-Feb-2023 12:39:18 America/Lima] Inicio de la Aplicación
[03-Feb-2023 12:39:18 America/Lima] PHP Deprecated:  rtrim(): Passing null to parameter #1 ($string) of type string is deprecated in C:\xampp\htdocs\curso\proyecto\libs\app.php on line 9
[03-Feb-2023 12:39:18 America/Lima] PHP Stack trace:
[03-Feb-2023 12:39:18 America/Lima] PHP   1. {main}() C:\xampp\htdocs\curso\proyecto\index.php:0
[03-Feb-2023 12:39:18 America/Lima] PHP   2. App->__construct() C:\xampp\htdocs\curso\proyecto\index.php:22
[03-Feb-2023 12:39:18 America/Lima] PHP   3. rtrim($string = NULL, $characters = '/') C:\xampp\htdocs\curso\proyecto\libs\app.php:9
[03-Feb-2023 12:39:18 America/Lima] App::construct-> No hay controlador especificado
[03-Feb-2023 12:39:18 America/Lima] Login::construct -> Inicio de Login
[03-Feb-2023 12:39:18 America/Lima] Login::render -> Carga el index del login
[03-Feb-2023 12:49:20 America/Lima] Inicio de la Aplicación
[03-Feb-2023 12:49:20 America/Lima] PHP Deprecated:  rtrim(): Passing null to parameter #1 ($string) of type string is deprecated in C:\xampp\htdocs\curso\proyecto\libs\app.php on line 9
[03-Feb-2023 12:49:20 America/Lima] PHP Stack trace:
[03-Feb-2023 12:49:20 America/Lima] PHP   1. {main}() C:\xampp\htdocs\curso\proyecto\index.php:0
[03-Feb-2023 12:49:20 America/Lima] PHP   2. App->__construct() C:\xampp\htdocs\curso\proyecto\index.php:22
[03-Feb-2023 12:49:20 America/Lima] PHP   3. rtrim($string = NULL, $characters = '/') C:\xampp\htdocs\curso\proyecto\libs\app.php:9
[03-Feb-2023 12:49:20 America/Lima] App::construct-> No hay controlador especificado
[03-Feb-2023 12:49:20 America/Lima] Login::construct -> Inicio de Login
[03-Feb-2023 12:49:20 America/Lima] Login::render -> Carga el index del login
[03-Feb-2023 12:49:20 America/Lima] PHP Warning:  Undefined property: Login::$view in C:\xampp\htdocs\curso\proyecto\controllers\login.php on line 13
[03-Feb-2023 12:49:20 America/Lima] PHP Stack trace:
[03-Feb-2023 12:49:20 America/Lima] PHP   1. {main}() C:\xampp\htdocs\curso\proyecto\index.php:0
[03-Feb-2023 12:49:20 America/Lima] PHP   2. App->__construct() C:\xampp\htdocs\curso\proyecto\index.php:22
[03-Feb-2023 12:49:20 America/Lima] PHP   3. Login->render() C:\xampp\htdocs\curso\proyecto\libs\app.php:18
[03-Feb-2023 12:49:20 America/Lima] PHP Fatal error:  Uncaught Error: Call to a member function render() on null in C:\xampp\htdocs\curso\proyecto\controllers\login.php:13
Stack trace:
#0 C:\xampp\htdocs\curso\proyecto\libs\app.php(18): Login->render()
#1 C:\xampp\htdocs\curso\proyecto\index.php(22): App->__construct()
#2 {main}
  thrown in C:\xampp\htdocs\curso\proyecto\controllers\login.php on line 13
[03-Feb-2023 21:17:11 America/Lima] Inicio de la Aplicación
[03-Feb-2023 21:17:11 America/Lima] PHP Deprecated:  rtrim(): Passing null to parameter #1 ($string) of type string is deprecated in C:\xampp\htdocs\curso\proyecto\libs\app.php on line 9
[03-Feb-2023 21:17:11 America/Lima] PHP Stack trace:
[03-Feb-2023 21:17:11 America/Lima] PHP   1. {main}() C:\xampp\htdocs\curso\proyecto\index.php:0
[03-Feb-2023 21:17:11 America/Lima] PHP   2. App->__construct() C:\xampp\htdocs\curso\proyecto\index.php:22
[03-Feb-2023 21:17:11 America/Lima] PHP   3. rtrim($string = NULL, $characters = '/') C:\xampp\htdocs\curso\proyecto\libs\app.php:9
[03-Feb-2023 21:17:11 America/Lima] App::construct-> No hay controlador especificado
[03-Feb-2023 21:17:11 America/Lima] Login::construct -> Inicio de Login
[03-Feb-2023 21:17:11 America/Lima] Login::render -> Carga el index del login
[03-Feb-2023 21:17:58 America/Lima] Inicio de la Aplicación
[03-Feb-2023 21:26:16 America/Lima] Inicio de la Aplicación
[03-Feb-2023 21:26:16 America/Lima] Errores::construct -> Inicio de Errores
[03-Feb-2023 21:26:18 America/Lima] Inicio de la Aplicación
[03-Feb-2023 21:26:18 America/Lima] Errores::construct -> Inicio de Errores
[03-Feb-2023 21:26:31 America/Lima] Inicio de la Aplicación
[03-Feb-2023 21:26:31 America/Lima] Errores::construct -> Inicio de Errores
[03-Feb-2023 21:27:26 America/Lima] Inicio de la Aplicación
[03-Feb-2023 21:27:26 America/Lima] Errores::construct -> Inicio de Errores
[03-Feb-2023 21:27:30 America/Lima] Inicio de la Aplicación
[03-Feb-2023 21:27:30 America/Lima] PHP Deprecated:  rtrim(): Passing null to parameter #1 ($string) of type string is deprecated in C:\xampp\htdocs\curso\proyecto\libs\app.php on line 11
[03-Feb-2023 21:27:30 America/Lima] PHP Stack trace:
[03-Feb-2023 21:27:30 America/Lima] PHP   1. {main}() C:\xampp\htdocs\curso\proyecto\index.php:0
[03-Feb-2023 21:27:30 America/Lima] PHP   2. App->__construct() C:\xampp\htdocs\curso\proyecto\index.php:22
[03-Feb-2023 21:27:30 America/Lima] PHP   3. rtrim($string = NULL, $characters = '/') C:\xampp\htdocs\curso\proyecto\libs\app.php:11
[03-Feb-2023 21:27:30 America/Lima] App::construct-> No hay controlador especificado
[03-Feb-2023 21:27:30 America/Lima] Login::construct -> Inicio de Login
[03-Feb-2023 21:27:30 America/Lima] Login::render -> Carga el index del login
[03-Feb-2023 21:27:33 America/Lima] Inicio de la Aplicación
[03-Feb-2023 21:27:33 America/Lima] Errores::construct -> Inicio de Errores
[03-Feb-2023 21:27:43 America/Lima] Inicio de la Aplicación
[03-Feb-2023 21:27:43 America/Lima] PHP Deprecated:  rtrim(): Passing null to parameter #1 ($string) of type string is deprecated in C:\xampp\htdocs\curso\proyecto\libs\app.php on line 11
[03-Feb-2023 21:27:43 America/Lima] PHP Stack trace:
[03-Feb-2023 21:27:43 America/Lima] PHP   1. {main}() C:\xampp\htdocs\curso\proyecto\index.php:0
[03-Feb-2023 21:27:43 America/Lima] PHP   2. App->__construct() C:\xampp\htdocs\curso\proyecto\index.php:22
[03-Feb-2023 21:27:43 America/Lima] PHP   3. rtrim($string = NULL, $characters = '/') C:\xampp\htdocs\curso\proyecto\libs\app.php:11
[03-Feb-2023 21:27:43 America/Lima] App::construct-> No hay controlador especificado
[03-Feb-2023 21:27:43 America/Lima] Login::construct -> Inicio de Login
[03-Feb-2023 21:27:43 America/Lima] Login::render -> Carga el index del login
[03-Feb-2023 21:28:07 America/Lima] Inicio de la Aplicación
[03-Feb-2023 21:28:07 America/Lima] Errores::construct -> Inicio de Errores
[03-Feb-2023 21:28:08 America/Lima] Inicio de la Aplicación
[03-Feb-2023 21:28:08 America/Lima] Login::construct -> Inicio de Login
[03-Feb-2023 21:28:08 America/Lima] Login::render -> Carga el index del login
[03-Feb-2023 21:28:15 America/Lima] Inicio de la Aplicación
[03-Feb-2023 21:28:15 America/Lima] Login::construct -> Inicio de Login
[03-Feb-2023 21:28:15 America/Lima] Login::render -> Carga el index del login
[03-Feb-2023 21:28:18 America/Lima] Inicio de la Aplicación
[03-Feb-2023 21:28:18 America/Lima] Errores::construct -> Inicio de Errores
[03-Feb-2023 21:28:20 America/Lima] Inicio de la Aplicación
[03-Feb-2023 21:28:20 America/Lima] Login::construct -> Inicio de Login
[03-Feb-2023 21:28:20 America/Lima] Login::render -> Carga el index del login
[03-Feb-2023 21:33:45 America/Lima] Inicio de la Aplicación
[03-Feb-2023 21:33:45 America/Lima] PHP Deprecated:  rtrim(): Passing null to parameter #1 ($string) of type string is deprecated in C:\xampp\htdocs\curso\proyecto\libs\app.php on line 11
[03-Feb-2023 21:33:45 America/Lima] PHP Stack trace:
[03-Feb-2023 21:33:45 America/Lima] PHP   1. {main}() C:\xampp\htdocs\curso\proyecto\index.php:0
[03-Feb-2023 21:33:45 America/Lima] PHP   2. App->__construct() C:\xampp\htdocs\curso\proyecto\index.php:22
[03-Feb-2023 21:33:45 America/Lima] PHP   3. rtrim($string = NULL, $characters = '/') C:\xampp\htdocs\curso\proyecto\libs\app.php:11
[03-Feb-2023 21:33:45 America/Lima] App::construct-> No hay controlador especificado
[03-Feb-2023 21:33:45 America/Lima] Login::construct -> Inicio de Login
[03-Feb-2023 21:33:45 America/Lima] Login::render -> Carga el index del login
[03-Feb-2023 21:33:48 America/Lima] Inicio de la Aplicación
[03-Feb-2023 21:33:48 America/Lima] Login::construct -> Inicio de Login
[03-Feb-2023 21:33:57 America/Lima] Inicio de la Aplicación
[03-Feb-2023 21:33:57 America/Lima] Login::construct -> Inicio de Login
[03-Feb-2023 21:33:57 America/Lima] Login::render -> Carga el index del login
[03-Feb-2023 21:35:23 America/Lima] Inicio de la Aplicación
[03-Feb-2023 21:35:23 America/Lima] Errores::construct -> Inicio de Errores
[03-Feb-2023 21:35:26 America/Lima] Inicio de la Aplicación
[03-Feb-2023 21:35:26 America/Lima] PHP Deprecated:  rtrim(): Passing null to parameter #1 ($string) of type string is deprecated in C:\xampp\htdocs\curso\proyecto\libs\app.php on line 11
[03-Feb-2023 21:35:26 America/Lima] PHP Stack trace:
[03-Feb-2023 21:35:26 America/Lima] PHP   1. {main}() C:\xampp\htdocs\curso\proyecto\index.php:0
[03-Feb-2023 21:35:26 America/Lima] PHP   2. App->__construct() C:\xampp\htdocs\curso\proyecto\index.php:22
[03-Feb-2023 21:35:26 America/Lima] PHP   3. rtrim($string = NULL, $characters = '/') C:\xampp\htdocs\curso\proyecto\libs\app.php:11
[03-Feb-2023 21:35:26 America/Lima] App::construct-> No hay controlador especificado
[03-Feb-2023 21:35:26 America/Lima] Login::construct -> Inicio de Login
[03-Feb-2023 21:35:26 America/Lima] Login::render -> Carga el index del login
[03-Feb-2023 21:50:02 America/Lima] Inicio de la Aplicación
[03-Feb-2023 21:50:02 America/Lima] PHP Deprecated:  rtrim(): Passing null to parameter #1 ($string) of type string is deprecated in C:\xampp\htdocs\curso\proyecto\libs\app.php on line 11
[03-Feb-2023 21:50:02 America/Lima] PHP Stack trace:
[03-Feb-2023 21:50:02 America/Lima] PHP   1. {main}() C:\xampp\htdocs\curso\proyecto\index.php:0
[03-Feb-2023 21:50:02 America/Lima] PHP   2. App->__construct() C:\xampp\htdocs\curso\proyecto\index.php:22
[03-Feb-2023 21:50:02 America/Lima] PHP   3. rtrim($string = NULL, $characters = '/') C:\xampp\htdocs\curso\proyecto\libs\app.php:11
[03-Feb-2023 21:50:02 America/Lima] App::construct-> No hay controlador especificado
[03-Feb-2023 21:50:02 America/Lima] Login::construct -> Inicio de Login
[03-Feb-2023 21:50:02 America/Lima] Login::render -> Carga el index del login
[03-Feb-2023 21:50:42 America/Lima] Inicio de la Aplicación
[03-Feb-2023 21:50:42 America/Lima] PHP Deprecated:  rtrim(): Passing null to parameter #1 ($string) of type string is deprecated in C:\xampp\htdocs\curso\proyecto\libs\app.php on line 11
[03-Feb-2023 21:50:42 America/Lima] PHP Stack trace:
[03-Feb-2023 21:50:42 America/Lima] PHP   1. {main}() C:\xampp\htdocs\curso\proyecto\index.php:0
[03-Feb-2023 21:50:42 America/Lima] PHP   2. App->__construct() C:\xampp\htdocs\curso\proyecto\index.php:22
[03-Feb-2023 21:50:42 America/Lima] PHP   3. rtrim($string = NULL, $characters = '/') C:\xampp\htdocs\curso\proyecto\libs\app.php:11
[03-Feb-2023 21:50:42 America/Lima] App::construct-> No hay controlador especificado
[03-Feb-2023 21:50:42 America/Lima] Login::construct -> Inicio de Login
[03-Feb-2023 21:50:42 America/Lima] Login::render -> Carga el index del login
[03-Feb-2023 21:50:59 America/Lima] Inicio de la Aplicación
[03-Feb-2023 21:50:59 America/Lima] PHP Deprecated:  rtrim(): Passing null to parameter #1 ($string) of type string is deprecated in C:\xampp\htdocs\curso\proyecto\libs\app.php on line 11
[03-Feb-2023 21:50:59 America/Lima] PHP Stack trace:
[03-Feb-2023 21:50:59 America/Lima] PHP   1. {main}() C:\xampp\htdocs\curso\proyecto\index.php:0
[03-Feb-2023 21:50:59 America/Lima] PHP   2. App->__construct() C:\xampp\htdocs\curso\proyecto\index.php:22
[03-Feb-2023 21:50:59 America/Lima] PHP   3. rtrim($string = NULL, $characters = '/') C:\xampp\htdocs\curso\proyecto\libs\app.php:11
[03-Feb-2023 21:50:59 America/Lima] App::construct-> No hay controlador especificado
[03-Feb-2023 21:50:59 America/Lima] Login::construct -> Inicio de Login
[03-Feb-2023 21:50:59 America/Lima] Login::render -> Carga el index del login
[03-Feb-2023 21:51:09 America/Lima] Inicio de la Aplicación
[03-Feb-2023 21:51:09 America/Lima] PHP Deprecated:  rtrim(): Passing null to parameter #1 ($string) of type string is deprecated in C:\xampp\htdocs\curso\proyecto\libs\app.php on line 11
[03-Feb-2023 21:51:09 America/Lima] PHP Stack trace:
[03-Feb-2023 21:51:09 America/Lima] PHP   1. {main}() C:\xampp\htdocs\curso\proyecto\index.php:0
[03-Feb-2023 21:51:09 America/Lima] PHP   2. App->__construct() C:\xampp\htdocs\curso\proyecto\index.php:22
[03-Feb-2023 21:51:09 America/Lima] PHP   3. rtrim($string = NULL, $characters = '/') C:\xampp\htdocs\curso\proyecto\libs\app.php:11
[03-Feb-2023 21:51:09 America/Lima] App::construct-> No hay controlador especificado
[03-Feb-2023 21:51:09 America/Lima] Login::construct -> Inicio de Login
[03-Feb-2023 21:51:09 America/Lima] Login::render -> Carga el index del login
[03-Feb-2023 21:53:04 America/Lima] Inicio de la Aplicación
[03-Feb-2023 21:53:04 America/Lima] PHP Deprecated:  rtrim(): Passing null to parameter #1 ($string) of type string is deprecated in C:\xampp\htdocs\curso\proyecto\libs\app.php on line 11
[03-Feb-2023 21:53:04 America/Lima] PHP Stack trace:
[03-Feb-2023 21:53:04 America/Lima] PHP   1. {main}() C:\xampp\htdocs\curso\proyecto\index.php:0
[03-Feb-2023 21:53:04 America/Lima] PHP   2. App->__construct() C:\xampp\htdocs\curso\proyecto\index.php:22
[03-Feb-2023 21:53:04 America/Lima] PHP   3. rtrim($string = NULL, $characters = '/') C:\xampp\htdocs\curso\proyecto\libs\app.php:11
[03-Feb-2023 21:53:04 America/Lima] App::construct-> No hay controlador especificado
[03-Feb-2023 21:53:04 America/Lima] Login::construct -> Inicio de Login
[03-Feb-2023 21:53:04 America/Lima] Login::render -> Carga el index del login
[03-Feb-2023 22:06:56 America/Lima] Inicio de la Aplicación
[03-Feb-2023 22:06:56 America/Lima] PHP Deprecated:  rtrim(): Passing null to parameter #1 ($string) of type string is deprecated in C:\xampp\htdocs\curso\proyecto\libs\app.php on line 11
[03-Feb-2023 22:06:56 America/Lima] PHP Stack trace:
[03-Feb-2023 22:06:56 America/Lima] PHP   1. {main}() C:\xampp\htdocs\curso\proyecto\index.php:0
[03-Feb-2023 22:06:56 America/Lima] PHP   2. App->__construct() C:\xampp\htdocs\curso\proyecto\index.php:22
[03-Feb-2023 22:06:56 America/Lima] PHP   3. rtrim($string = NULL, $characters = '/') C:\xampp\htdocs\curso\proyecto\libs\app.php:11
[03-Feb-2023 22:06:56 America/Lima] App::construct-> No hay controlador especificado
[03-Feb-2023 22:06:56 America/Lima] Login::construct -> Inicio de Login
[03-Feb-2023 22:06:56 America/Lima] Login::render -> Carga el index del login
[03-Feb-2023 23:05:40 America/Lima] Inicio de la Aplicación
[03-Feb-2023 23:05:40 America/Lima] PHP Deprecated:  rtrim(): Passing null to parameter #1 ($string) of type string is deprecated in C:\xampp\htdocs\curso\proyecto\libs\app.php on line 11
[03-Feb-2023 23:05:40 America/Lima] PHP Stack trace:
[03-Feb-2023 23:05:40 America/Lima] PHP   1. {main}() C:\xampp\htdocs\curso\proyecto\index.php:0
[03-Feb-2023 23:05:40 America/Lima] PHP   2. App->__construct() C:\xampp\htdocs\curso\proyecto\index.php:22
[03-Feb-2023 23:05:40 America/Lima] PHP   3. rtrim($string = NULL, $characters = '/') C:\xampp\htdocs\curso\proyecto\libs\app.php:11
[03-Feb-2023 23:05:40 America/Lima] App::construct-> No hay controlador especificado
[03-Feb-2023 23:05:40 America/Lima] Login::construct -> Inicio de Login
[03-Feb-2023 23:05:40 America/Lima] Login::render -> Carga el index del login
[03-Feb-2023 23:06:31 America/Lima] Inicio de la Aplicación
[03-Feb-2023 23:06:31 America/Lima] PHP Deprecated:  rtrim(): Passing null to parameter #1 ($string) of type string is deprecated in C:\xampp\htdocs\curso\proyecto\libs\app.php on line 11
[03-Feb-2023 23:06:31 America/Lima] PHP Stack trace:
[03-Feb-2023 23:06:31 America/Lima] PHP   1. {main}() C:\xampp\htdocs\curso\proyecto\index.php:0
[03-Feb-2023 23:06:31 America/Lima] PHP   2. App->__construct() C:\xampp\htdocs\curso\proyecto\index.php:22
[03-Feb-2023 23:06:31 America/Lima] PHP   3. rtrim($string = NULL, $characters = '/') C:\xampp\htdocs\curso\proyecto\libs\app.php:11
[03-Feb-2023 23:06:31 America/Lima] App::construct-> No hay controlador especificado
[03-Feb-2023 23:06:31 America/Lima] Login::construct -> Inicio de Login
[03-Feb-2023 23:06:31 America/Lima] Login::render -> Carga el index del login
[03-Feb-2023 23:15:04 America/Lima] Inicio de la Aplicación
[03-Feb-2023 23:15:04 America/Lima] PHP Deprecated:  rtrim(): Passing null to parameter #1 ($string) of type string is deprecated in C:\xampp\htdocs\curso\proyecto\libs\app.php on line 11
[03-Feb-2023 23:15:04 America/Lima] PHP Stack trace:
[03-Feb-2023 23:15:04 America/Lima] PHP   1. {main}() C:\xampp\htdocs\curso\proyecto\index.php:0
[03-Feb-2023 23:15:04 America/Lima] PHP   2. App->__construct() C:\xampp\htdocs\curso\proyecto\index.php:22
[03-Feb-2023 23:15:04 America/Lima] PHP   3. rtrim($string = NULL, $characters = '/') C:\xampp\htdocs\curso\proyecto\libs\app.php:11
[03-Feb-2023 23:15:04 America/Lima] App::construct-> No hay controlador especificado
[03-Feb-2023 23:15:04 America/Lima] Login::construct -> Inicio de Login
[03-Feb-2023 23:15:04 America/Lima] Login::render -> Carga el index del login
[03-Feb-2023 23:17:10 America/Lima] Inicio de la Aplicación
[03-Feb-2023 23:17:10 America/Lima] PHP Deprecated:  rtrim(): Passing null to parameter #1 ($string) of type string is deprecated in C:\xampp\htdocs\curso\proyecto\libs\app.php on line 11
[03-Feb-2023 23:17:10 America/Lima] PHP Stack trace:
[03-Feb-2023 23:17:10 America/Lima] PHP   1. {main}() C:\xampp\htdocs\curso\proyecto\index.php:0
[03-Feb-2023 23:17:10 America/Lima] PHP   2. App->__construct() C:\xampp\htdocs\curso\proyecto\index.php:25
[03-Feb-2023 23:17:10 America/Lima] PHP   3. rtrim($string = NULL, $characters = '/') C:\xampp\htdocs\curso\proyecto\libs\app.php:11
[03-Feb-2023 23:17:10 America/Lima] App::construct-> No hay controlador especificado
[03-Feb-2023 23:17:10 America/Lima] Login::construct -> Inicio de Login
[03-Feb-2023 23:17:10 America/Lima] Login::render -> Carga el index del login
[03-Feb-2023 23:17:55 America/Lima] Inicio de la Aplicación
[03-Feb-2023 23:17:55 America/Lima] PHP Deprecated:  rtrim(): Passing null to parameter #1 ($string) of type string is deprecated in C:\xampp\htdocs\curso\proyecto\libs\app.php on line 11
[03-Feb-2023 23:17:55 America/Lima] PHP Stack trace:
[03-Feb-2023 23:17:55 America/Lima] PHP   1. {main}() C:\xampp\htdocs\curso\proyecto\index.php:0
[03-Feb-2023 23:17:55 America/Lima] PHP   2. App->__construct() C:\xampp\htdocs\curso\proyecto\index.php:25
[03-Feb-2023 23:17:55 America/Lima] PHP   3. rtrim($string = NULL, $characters = '/') C:\xampp\htdocs\curso\proyecto\libs\app.php:11
[03-Feb-2023 23:17:55 America/Lima] App::construct-> No hay controlador especificado
[03-Feb-2023 23:17:55 America/Lima] Login::construct -> Inicio de Login
[03-Feb-2023 23:17:55 America/Lima] Login::render -> Carga el index del login
[03-Feb-2023 23:17:59 America/Lima] Inicio de la Aplicación
[03-Feb-2023 23:17:59 America/Lima] PHP Deprecated:  rtrim(): Passing null to parameter #1 ($string) of type string is deprecated in C:\xampp\htdocs\curso\proyecto\libs\app.php on line 11
[03-Feb-2023 23:17:59 America/Lima] PHP Stack trace:
[03-Feb-2023 23:17:59 America/Lima] PHP   1. {main}() C:\xampp\htdocs\curso\proyecto\index.php:0
[03-Feb-2023 23:17:59 America/Lima] PHP   2. App->__construct() C:\xampp\htdocs\curso\proyecto\index.php:25
[03-Feb-2023 23:17:59 America/Lima] PHP   3. rtrim($string = NULL, $characters = '/') C:\xampp\htdocs\curso\proyecto\libs\app.php:11
[03-Feb-2023 23:17:59 America/Lima] App::construct-> No hay controlador especificado
[03-Feb-2023 23:17:59 America/Lima] Login::construct -> Inicio de Login
[03-Feb-2023 23:17:59 America/Lima] Login::render -> Carga el index del login
[03-Feb-2023 23:18:33 America/Lima] Inicio de la Aplicación
[03-Feb-2023 23:18:33 America/Lima] PHP Deprecated:  rtrim(): Passing null to parameter #1 ($string) of type string is deprecated in C:\xampp\htdocs\curso\proyecto\libs\app.php on line 11
[03-Feb-2023 23:18:33 America/Lima] PHP Stack trace:
[03-Feb-2023 23:18:33 America/Lima] PHP   1. {main}() C:\xampp\htdocs\curso\proyecto\index.php:0
[03-Feb-2023 23:18:33 America/Lima] PHP   2. App->__construct() C:\xampp\htdocs\curso\proyecto\index.php:25
[03-Feb-2023 23:18:33 America/Lima] PHP   3. rtrim($string = NULL, $characters = '/') C:\xampp\htdocs\curso\proyecto\libs\app.php:11
[03-Feb-2023 23:18:33 America/Lima] App::construct-> No hay controlador especificado
[03-Feb-2023 23:18:33 America/Lima] Login::construct -> Inicio de Login
[03-Feb-2023 23:18:33 America/Lima] Login::render -> Carga el index del login
[03-Feb-2023 23:18:33 America/Lima] PHP Fatal error:  Uncaught Error: Undefined constant ErrorMessages::PRUEBA in C:\xampp\htdocs\curso\proyecto\classes\errormessages.php:11
Stack trace:
#0 C:\xampp\htdocs\curso\proyecto\libs\view.php(30): ErrorMessages->__construct()
#1 C:\xampp\htdocs\curso\proyecto\libs\view.php(24): View->handleError()
#2 C:\xampp\htdocs\curso\proyecto\libs\view.php(14): View->handleMessages()
#3 C:\xampp\htdocs\curso\proyecto\controllers\login.php(13): View->render('login/index')
#4 C:\xampp\htdocs\curso\proyecto\libs\app.php(20): Login->render()
#5 C:\xampp\htdocs\curso\proyecto\index.php(25): App->__construct()
#6 {main}
  thrown in C:\xampp\htdocs\curso\proyecto\classes\errormessages.php on line 11
[03-Feb-2023 23:18:36 America/Lima] Inicio de la Aplicación
[03-Feb-2023 23:18:36 America/Lima] PHP Deprecated:  rtrim(): Passing null to parameter #1 ($string) of type string is deprecated in C:\xampp\htdocs\curso\proyecto\libs\app.php on line 11
[03-Feb-2023 23:18:36 America/Lima] PHP Stack trace:
[03-Feb-2023 23:18:36 America/Lima] PHP   1. {main}() C:\xampp\htdocs\curso\proyecto\index.php:0
[03-Feb-2023 23:18:36 America/Lima] PHP   2. App->__construct() C:\xampp\htdocs\curso\proyecto\index.php:25
[03-Feb-2023 23:18:36 America/Lima] PHP   3. rtrim($string = NULL, $characters = '/') C:\xampp\htdocs\curso\proyecto\libs\app.php:11
[03-Feb-2023 23:18:36 America/Lima] App::construct-> No hay controlador especificado
[03-Feb-2023 23:18:36 America/Lima] Login::construct -> Inicio de Login
[03-Feb-2023 23:18:36 America/Lima] Login::render -> Carga el index del login
[03-Feb-2023 23:18:36 America/Lima] PHP Fatal error:  Uncaught Error: Undefined constant ErrorMessages::PRUEBA in C:\xampp\htdocs\curso\proyecto\classes\errormessages.php:11
Stack trace:
#0 C:\xampp\htdocs\curso\proyecto\libs\view.php(30): ErrorMessages->__construct()
#1 C:\xampp\htdocs\curso\proyecto\libs\view.php(24): View->handleError()
#2 C:\xampp\htdocs\curso\proyecto\libs\view.php(14): View->handleMessages()
#3 C:\xampp\htdocs\curso\proyecto\controllers\login.php(13): View->render('login/index')
#4 C:\xampp\htdocs\curso\proyecto\libs\app.php(20): Login->render()
#5 C:\xampp\htdocs\curso\proyecto\index.php(25): App->__construct()
#6 {main}
  thrown in C:\xampp\htdocs\curso\proyecto\classes\errormessages.php on line 11
[03-Feb-2023 23:18:39 America/Lima] Inicio de la Aplicación
[03-Feb-2023 23:18:39 America/Lima] PHP Deprecated:  rtrim(): Passing null to parameter #1 ($string) of type string is deprecated in C:\xampp\htdocs\curso\proyecto\libs\app.php on line 11
[03-Feb-2023 23:18:39 America/Lima] PHP Stack trace:
[03-Feb-2023 23:18:39 America/Lima] PHP   1. {main}() C:\xampp\htdocs\curso\proyecto\index.php:0
[03-Feb-2023 23:18:39 America/Lima] PHP   2. App->__construct() C:\xampp\htdocs\curso\proyecto\index.php:25
[03-Feb-2023 23:18:39 America/Lima] PHP   3. rtrim($string = NULL, $characters = '/') C:\xampp\htdocs\curso\proyecto\libs\app.php:11
[03-Feb-2023 23:18:39 America/Lima] App::construct-> No hay controlador especificado
[03-Feb-2023 23:18:39 America/Lima] Login::construct -> Inicio de Login
[03-Feb-2023 23:18:39 America/Lima] Login::render -> Carga el index del login
[03-Feb-2023 23:18:39 America/Lima] PHP Fatal error:  Uncaught Error: Undefined constant ErrorMessages::PRUEBA in C:\xampp\htdocs\curso\proyecto\classes\errormessages.php:11
Stack trace:
#0 C:\xampp\htdocs\curso\proyecto\libs\view.php(30): ErrorMessages->__construct()
#1 C:\xampp\htdocs\curso\proyecto\libs\view.php(24): View->handleError()
#2 C:\xampp\htdocs\curso\proyecto\libs\view.php(14): View->handleMessages()
#3 C:\xampp\htdocs\curso\proyecto\controllers\login.php(13): View->render('login/index')
#4 C:\xampp\htdocs\curso\proyecto\libs\app.php(20): Login->render()
#5 C:\xampp\htdocs\curso\proyecto\index.php(25): App->__construct()
#6 {main}
  thrown in C:\xampp\htdocs\curso\proyecto\classes\errormessages.php on line 11
[03-Feb-2023 23:18:47 America/Lima] Inicio de la Aplicación
[03-Feb-2023 23:18:47 America/Lima] PHP Deprecated:  rtrim(): Passing null to parameter #1 ($string) of type string is deprecated in C:\xampp\htdocs\curso\proyecto\libs\app.php on line 11
[03-Feb-2023 23:18:47 America/Lima] PHP Stack trace:
[03-Feb-2023 23:18:47 America/Lima] PHP   1. {main}() C:\xampp\htdocs\curso\proyecto\index.php:0
[03-Feb-2023 23:18:47 America/Lima] PHP   2. App->__construct() C:\xampp\htdocs\curso\proyecto\index.php:25
[03-Feb-2023 23:18:47 America/Lima] PHP   3. rtrim($string = NULL, $characters = '/') C:\xampp\htdocs\curso\proyecto\libs\app.php:11
[03-Feb-2023 23:18:47 America/Lima] App::construct-> No hay controlador especificado
[03-Feb-2023 23:18:47 America/Lima] Login::construct -> Inicio de Login
[03-Feb-2023 23:18:47 America/Lima] Login::render -> Carga el index del login
[03-Feb-2023 23:21:27 America/Lima] Inicio de la Aplicación
[03-Feb-2023 23:21:27 America/Lima] PHP Deprecated:  rtrim(): Passing null to parameter #1 ($string) of type string is deprecated in C:\xampp\htdocs\curso\proyecto\libs\app.php on line 11
[03-Feb-2023 23:21:27 America/Lima] PHP Stack trace:
[03-Feb-2023 23:21:27 America/Lima] PHP   1. {main}() C:\xampp\htdocs\curso\proyecto\index.php:0
[03-Feb-2023 23:21:27 America/Lima] PHP   2. App->__construct() C:\xampp\htdocs\curso\proyecto\index.php:25
[03-Feb-2023 23:21:27 America/Lima] PHP   3. rtrim($string = NULL, $characters = '/') C:\xampp\htdocs\curso\proyecto\libs\app.php:11
[03-Feb-2023 23:21:27 America/Lima] App::construct-> No hay controlador especificado
[03-Feb-2023 23:21:27 America/Lima] Login::construct -> Inicio de Login
[03-Feb-2023 23:21:27 America/Lima] Login::render -> Carga el index del login
[03-Feb-2023 23:21:27 America/Lima] PHP Warning:  Undefined property: View::$view in C:\xampp\htdocs\curso\proyecto\views\login\index.php on line 12
[03-Feb-2023 23:21:27 America/Lima] PHP Stack trace:
[03-Feb-2023 23:21:27 America/Lima] PHP   1. {main}() C:\xampp\htdocs\curso\proyecto\index.php:0
[03-Feb-2023 23:21:27 America/Lima] PHP   2. App->__construct() C:\xampp\htdocs\curso\proyecto\index.php:25
[03-Feb-2023 23:21:27 America/Lima] PHP   3. Login->render() C:\xampp\htdocs\curso\proyecto\libs\app.php:20
[03-Feb-2023 23:21:27 America/Lima] PHP   4. View->render($nombre = 'login/index', $data = *uninitialized*) C:\xampp\htdocs\curso\proyecto\controllers\login.php:13
[03-Feb-2023 23:21:27 America/Lima] PHP   5. require() C:\xampp\htdocs\curso\proyecto\libs\view.php:15
[03-Feb-2023 23:21:27 America/Lima] PHP Fatal error:  Uncaught Error: Call to a member function showMessages() on null in C:\xampp\htdocs\curso\proyecto\views\login\index.php:12
Stack trace:
#0 C:\xampp\htdocs\curso\proyecto\libs\view.php(15): require()
#1 C:\xampp\htdocs\curso\proyecto\controllers\login.php(13): View->render('login/index')
#2 C:\xampp\htdocs\curso\proyecto\libs\app.php(20): Login->render()
#3 C:\xampp\htdocs\curso\proyecto\index.php(25): App->__construct()
#4 {main}
  thrown in C:\xampp\htdocs\curso\proyecto\views\login\index.php on line 12
[03-Feb-2023 23:21:34 America/Lima] Inicio de la Aplicación
[03-Feb-2023 23:21:34 America/Lima] PHP Deprecated:  rtrim(): Passing null to parameter #1 ($string) of type string is deprecated in C:\xampp\htdocs\curso\proyecto\libs\app.php on line 11
[03-Feb-2023 23:21:34 America/Lima] PHP Stack trace:
[03-Feb-2023 23:21:34 America/Lima] PHP   1. {main}() C:\xampp\htdocs\curso\proyecto\index.php:0
[03-Feb-2023 23:21:34 America/Lima] PHP   2. App->__construct() C:\xampp\htdocs\curso\proyecto\index.php:25
[03-Feb-2023 23:21:34 America/Lima] PHP   3. rtrim($string = NULL, $characters = '/') C:\xampp\htdocs\curso\proyecto\libs\app.php:11
[03-Feb-2023 23:21:34 America/Lima] App::construct-> No hay controlador especificado
[03-Feb-2023 23:21:34 America/Lima] Login::construct -> Inicio de Login
[03-Feb-2023 23:21:34 America/Lima] Login::render -> Carga el index del login
[03-Feb-2023 23:26:52 America/Lima] Inicio de la Aplicación
[03-Feb-2023 23:26:52 America/Lima] PHP Deprecated:  rtrim(): Passing null to parameter #1 ($string) of type string is deprecated in C:\xampp\htdocs\curso\proyecto\libs\app.php on line 11
[03-Feb-2023 23:26:52 America/Lima] PHP Stack trace:
[03-Feb-2023 23:26:52 America/Lima] PHP   1. {main}() C:\xampp\htdocs\curso\proyecto\index.php:0
[03-Feb-2023 23:26:52 America/Lima] PHP   2. App->__construct() C:\xampp\htdocs\curso\proyecto\index.php:25
[03-Feb-2023 23:26:52 America/Lima] PHP   3. rtrim($string = NULL, $characters = '/') C:\xampp\htdocs\curso\proyecto\libs\app.php:11
[03-Feb-2023 23:26:52 America/Lima] App::construct-> No hay controlador especificado
[03-Feb-2023 23:26:52 America/Lima] Login::construct -> Inicio de Login
[03-Feb-2023 23:26:52 America/Lima] Login::render -> Carga el index del login
[03-Feb-2023 23:26:54 America/Lima] Inicio de la Aplicación
[03-Feb-2023 23:26:54 America/Lima] PHP Deprecated:  rtrim(): Passing null to parameter #1 ($string) of type string is deprecated in C:\xampp\htdocs\curso\proyecto\libs\app.php on line 11
[03-Feb-2023 23:26:54 America/Lima] PHP Stack trace:
[03-Feb-2023 23:26:54 America/Lima] PHP   1. {main}() C:\xampp\htdocs\curso\proyecto\index.php:0
[03-Feb-2023 23:26:54 America/Lima] PHP   2. App->__construct() C:\xampp\htdocs\curso\proyecto\index.php:25
[03-Feb-2023 23:26:54 America/Lima] PHP   3. rtrim($string = NULL, $characters = '/') C:\xampp\htdocs\curso\proyecto\libs\app.php:11
[03-Feb-2023 23:26:54 America/Lima] App::construct-> No hay controlador especificado
[03-Feb-2023 23:26:54 America/Lima] Login::construct -> Inicio de Login
[03-Feb-2023 23:26:54 America/Lima] Login::render -> Carga el index del login
[03-Feb-2023 23:27:12 America/Lima] Inicio de la Aplicación
[03-Feb-2023 23:27:12 America/Lima] PHP Deprecated:  rtrim(): Passing null to parameter #1 ($string) of type string is deprecated in C:\xampp\htdocs\curso\proyecto\libs\app.php on line 11
[03-Feb-2023 23:27:12 America/Lima] PHP Stack trace:
[03-Feb-2023 23:27:12 America/Lima] PHP   1. {main}() C:\xampp\htdocs\curso\proyecto\index.php:0
[03-Feb-2023 23:27:12 America/Lima] PHP   2. App->__construct() C:\xampp\htdocs\curso\proyecto\index.php:25
[03-Feb-2023 23:27:12 America/Lima] PHP   3. rtrim($string = NULL, $characters = '/') C:\xampp\htdocs\curso\proyecto\libs\app.php:11
[03-Feb-2023 23:27:12 America/Lima] App::construct-> No hay controlador especificado
[03-Feb-2023 23:27:12 America/Lima] Login::construct -> Inicio de Login
[03-Feb-2023 23:27:12 America/Lima] Login::render -> Carga el index del login
[03-Feb-2023 23:27:12 America/Lima] PHP Fatal error:  Uncaught Error: Object of class View could not be converted to string in C:\xampp\htdocs\curso\proyecto\views\login\index.php:12
Stack trace:
#0 C:\xampp\htdocs\curso\proyecto\libs\view.php(15): require()
#1 C:\xampp\htdocs\curso\proyecto\controllers\login.php(13): View->render('login/index')
#2 C:\xampp\htdocs\curso\proyecto\libs\app.php(20): Login->render()
#3 C:\xampp\htdocs\curso\proyecto\index.php(25): App->__construct()
#4 {main}
  thrown in C:\xampp\htdocs\curso\proyecto\views\login\index.php on line 12
[03-Feb-2023 23:27:15 America/Lima] Inicio de la Aplicación
[03-Feb-2023 23:27:15 America/Lima] PHP Deprecated:  rtrim(): Passing null to parameter #1 ($string) of type string is deprecated in C:\xampp\htdocs\curso\proyecto\libs\app.php on line 11
[03-Feb-2023 23:27:15 America/Lima] PHP Stack trace:
[03-Feb-2023 23:27:15 America/Lima] PHP   1. {main}() C:\xampp\htdocs\curso\proyecto\index.php:0
[03-Feb-2023 23:27:15 America/Lima] PHP   2. App->__construct() C:\xampp\htdocs\curso\proyecto\index.php:25
[03-Feb-2023 23:27:15 America/Lima] PHP   3. rtrim($string = NULL, $characters = '/') C:\xampp\htdocs\curso\proyecto\libs\app.php:11
[03-Feb-2023 23:27:15 America/Lima] App::construct-> No hay controlador especificado
[03-Feb-2023 23:27:15 America/Lima] Login::construct -> Inicio de Login
[03-Feb-2023 23:27:15 America/Lima] Login::render -> Carga el index del login
[03-Feb-2023 23:27:15 America/Lima] PHP Fatal error:  Uncaught Error: Object of class View could not be converted to string in C:\xampp\htdocs\curso\proyecto\views\login\index.php:12
Stack trace:
#0 C:\xampp\htdocs\curso\proyecto\libs\view.php(15): require()
#1 C:\xampp\htdocs\curso\proyecto\controllers\login.php(13): View->render('login/index')
#2 C:\xampp\htdocs\curso\proyecto\libs\app.php(20): Login->render()
#3 C:\xampp\htdocs\curso\proyecto\index.php(25): App->__construct()
#4 {main}
  thrown in C:\xampp\htdocs\curso\proyecto\views\login\index.php on line 12
[03-Feb-2023 23:27:29 America/Lima] Inicio de la Aplicación
[03-Feb-2023 23:27:29 America/Lima] PHP Deprecated:  rtrim(): Passing null to parameter #1 ($string) of type string is deprecated in C:\xampp\htdocs\curso\proyecto\libs\app.php on line 11
[03-Feb-2023 23:27:29 America/Lima] PHP Stack trace:
[03-Feb-2023 23:27:29 America/Lima] PHP   1. {main}() C:\xampp\htdocs\curso\proyecto\index.php:0
[03-Feb-2023 23:27:29 America/Lima] PHP   2. App->__construct() C:\xampp\htdocs\curso\proyecto\index.php:25
[03-Feb-2023 23:27:29 America/Lima] PHP   3. rtrim($string = NULL, $characters = '/') C:\xampp\htdocs\curso\proyecto\libs\app.php:11
[03-Feb-2023 23:27:29 America/Lima] App::construct-> No hay controlador especificado
[03-Feb-2023 23:27:29 America/Lima] Login::construct -> Inicio de Login
[03-Feb-2023 23:27:29 America/Lima] Login::render -> Carga el index del login
[03-Feb-2023 23:28:10 America/Lima] Inicio de la Aplicación
[03-Feb-2023 23:28:10 America/Lima] PHP Deprecated:  rtrim(): Passing null to parameter #1 ($string) of type string is deprecated in C:\xampp\htdocs\curso\proyecto\libs\app.php on line 11
[03-Feb-2023 23:28:10 America/Lima] PHP Stack trace:
[03-Feb-2023 23:28:10 America/Lima] PHP   1. {main}() C:\xampp\htdocs\curso\proyecto\index.php:0
[03-Feb-2023 23:28:10 America/Lima] PHP   2. App->__construct() C:\xampp\htdocs\curso\proyecto\index.php:25
[03-Feb-2023 23:28:10 America/Lima] PHP   3. rtrim($string = NULL, $characters = '/') C:\xampp\htdocs\curso\proyecto\libs\app.php:11
[03-Feb-2023 23:28:10 America/Lima] App::construct-> No hay controlador especificado
[03-Feb-2023 23:28:10 America/Lima] Login::construct -> Inicio de Login
[03-Feb-2023 23:28:10 America/Lima] Login::render -> Carga el index del login
[03-Feb-2023 23:28:11 America/Lima] Inicio de la Aplicación
[03-Feb-2023 23:28:11 America/Lima] PHP Deprecated:  rtrim(): Passing null to parameter #1 ($string) of type string is deprecated in C:\xampp\htdocs\curso\proyecto\libs\app.php on line 11
[03-Feb-2023 23:28:11 America/Lima] PHP Stack trace:
[03-Feb-2023 23:28:11 America/Lima] PHP   1. {main}() C:\xampp\htdocs\curso\proyecto\index.php:0
[03-Feb-2023 23:28:11 America/Lima] PHP   2. App->__construct() C:\xampp\htdocs\curso\proyecto\index.php:25
[03-Feb-2023 23:28:11 America/Lima] PHP   3. rtrim($string = NULL, $characters = '/') C:\xampp\htdocs\curso\proyecto\libs\app.php:11
[03-Feb-2023 23:28:11 America/Lima] App::construct-> No hay controlador especificado
[03-Feb-2023 23:28:11 America/Lima] Login::construct -> Inicio de Login
[03-Feb-2023 23:28:11 America/Lima] Login::render -> Carga el index del login
[03-Feb-2023 23:28:13 America/Lima] Inicio de la Aplicación
[03-Feb-2023 23:28:13 America/Lima] PHP Deprecated:  rtrim(): Passing null to parameter #1 ($string) of type string is deprecated in C:\xampp\htdocs\curso\proyecto\libs\app.php on line 11
[03-Feb-2023 23:28:13 America/Lima] PHP Stack trace:
[03-Feb-2023 23:28:13 America/Lima] PHP   1. {main}() C:\xampp\htdocs\curso\proyecto\index.php:0
[03-Feb-2023 23:28:13 America/Lima] PHP   2. App->__construct() C:\xampp\htdocs\curso\proyecto\index.php:25
[03-Feb-2023 23:28:13 America/Lima] PHP   3. rtrim($string = NULL, $characters = '/') C:\xampp\htdocs\curso\proyecto\libs\app.php:11
[03-Feb-2023 23:28:13 America/Lima] App::construct-> No hay controlador especificado
[03-Feb-2023 23:28:13 America/Lima] Login::construct -> Inicio de Login
[03-Feb-2023 23:28:13 America/Lima] Login::render -> Carga el index del login
[03-Feb-2023 23:28:15 America/Lima] Inicio de la Aplicación
[03-Feb-2023 23:28:15 America/Lima] PHP Deprecated:  rtrim(): Passing null to parameter #1 ($string) of type string is deprecated in C:\xampp\htdocs\curso\proyecto\libs\app.php on line 11
[03-Feb-2023 23:28:15 America/Lima] PHP Stack trace:
[03-Feb-2023 23:28:15 America/Lima] PHP   1. {main}() C:\xampp\htdocs\curso\proyecto\index.php:0
[03-Feb-2023 23:28:15 America/Lima] PHP   2. App->__construct() C:\xampp\htdocs\curso\proyecto\index.php:25
[03-Feb-2023 23:28:15 America/Lima] PHP   3. rtrim($string = NULL, $characters = '/') C:\xampp\htdocs\curso\proyecto\libs\app.php:11
[03-Feb-2023 23:28:15 America/Lima] App::construct-> No hay controlador especificado
[03-Feb-2023 23:28:15 America/Lima] Login::construct -> Inicio de Login
[03-Feb-2023 23:28:15 America/Lima] Login::render -> Carga el index del login
[03-Feb-2023 23:28:15 America/Lima] Inicio de la Aplicación
[03-Feb-2023 23:28:16 America/Lima] PHP Deprecated:  rtrim(): Passing null to parameter #1 ($string) of type string is deprecated in C:\xampp\htdocs\curso\proyecto\libs\app.php on line 11
[03-Feb-2023 23:28:16 America/Lima] PHP Stack trace:
[03-Feb-2023 23:28:16 America/Lima] PHP   1. {main}() C:\xampp\htdocs\curso\proyecto\index.php:0
[03-Feb-2023 23:28:16 America/Lima] PHP   2. App->__construct() C:\xampp\htdocs\curso\proyecto\index.php:25
[03-Feb-2023 23:28:16 America/Lima] PHP   3. rtrim($string = NULL, $characters = '/') C:\xampp\htdocs\curso\proyecto\libs\app.php:11
[03-Feb-2023 23:28:16 America/Lima] App::construct-> No hay controlador especificado
[03-Feb-2023 23:28:16 America/Lima] Login::construct -> Inicio de Login
[03-Feb-2023 23:28:16 America/Lima] Login::render -> Carga el index del login
[03-Feb-2023 23:28:16 America/Lima] Inicio de la Aplicación
[03-Feb-2023 23:28:16 America/Lima] PHP Deprecated:  rtrim(): Passing null to parameter #1 ($string) of type string is deprecated in C:\xampp\htdocs\curso\proyecto\libs\app.php on line 11
[03-Feb-2023 23:28:16 America/Lima] PHP Stack trace:
[03-Feb-2023 23:28:16 America/Lima] PHP   1. {main}() C:\xampp\htdocs\curso\proyecto\index.php:0
[03-Feb-2023 23:28:16 America/Lima] PHP   2. App->__construct() C:\xampp\htdocs\curso\proyecto\index.php:25
[03-Feb-2023 23:28:16 America/Lima] PHP   3. rtrim($string = NULL, $characters = '/') C:\xampp\htdocs\curso\proyecto\libs\app.php:11
[03-Feb-2023 23:28:16 America/Lima] App::construct-> No hay controlador especificado
[03-Feb-2023 23:28:16 America/Lima] Login::construct -> Inicio de Login
[03-Feb-2023 23:28:16 America/Lima] Login::render -> Carga el index del login
[03-Feb-2023 23:32:59 America/Lima] Inicio de la Aplicación
[03-Feb-2023 23:32:59 America/Lima] PHP Deprecated:  rtrim(): Passing null to parameter #1 ($string) of type string is deprecated in C:\xampp\htdocs\curso\proyecto\libs\app.php on line 11
[03-Feb-2023 23:32:59 America/Lima] PHP Stack trace:
[03-Feb-2023 23:32:59 America/Lima] PHP   1. {main}() C:\xampp\htdocs\curso\proyecto\index.php:0
[03-Feb-2023 23:32:59 America/Lima] PHP   2. App->__construct() C:\xampp\htdocs\curso\proyecto\index.php:25
[03-Feb-2023 23:32:59 America/Lima] PHP   3. rtrim($string = NULL, $characters = '/') C:\xampp\htdocs\curso\proyecto\libs\app.php:11
[03-Feb-2023 23:32:59 America/Lima] App::construct-> No hay controlador especificado
[03-Feb-2023 23:32:59 America/Lima] Login::construct -> Inicio de Login
[03-Feb-2023 23:32:59 America/Lima] Login::render -> Carga el index del login
[03-Feb-2023 23:33:19 America/Lima] Inicio de la Aplicación
[03-Feb-2023 23:33:19 America/Lima] PHP Deprecated:  rtrim(): Passing null to parameter #1 ($string) of type string is deprecated in C:\xampp\htdocs\curso\proyecto\libs\app.php on line 11
[03-Feb-2023 23:33:19 America/Lima] PHP Stack trace:
[03-Feb-2023 23:33:19 America/Lima] PHP   1. {main}() C:\xampp\htdocs\curso\proyecto\index.php:0
[03-Feb-2023 23:33:19 America/Lima] PHP   2. App->__construct() C:\xampp\htdocs\curso\proyecto\index.php:25
[03-Feb-2023 23:33:19 America/Lima] PHP   3. rtrim($string = NULL, $characters = '/') C:\xampp\htdocs\curso\proyecto\libs\app.php:11
[03-Feb-2023 23:33:19 America/Lima] App::construct-> No hay controlador especificado
[03-Feb-2023 23:33:19 America/Lima] Login::construct -> Inicio de Login
[03-Feb-2023 23:33:19 America/Lima] Login::render -> Carga el index del login
[03-Feb-2023 23:46:06 America/Lima] Inicio de la Aplicación
[03-Feb-2023 23:46:06 America/Lima] PHP Deprecated:  rtrim(): Passing null to parameter #1 ($string) of type string is deprecated in C:\xampp\htdocs\curso\proyecto\libs\app.php on line 11
[03-Feb-2023 23:46:06 America/Lima] PHP Stack trace:
[03-Feb-2023 23:46:06 America/Lima] PHP   1. {main}() C:\xampp\htdocs\curso\proyecto\index.php:0
[03-Feb-2023 23:46:06 America/Lima] PHP   2. App->__construct() C:\xampp\htdocs\curso\proyecto\index.php:25
[03-Feb-2023 23:46:06 America/Lima] PHP   3. rtrim($string = NULL, $characters = '/') C:\xampp\htdocs\curso\proyecto\libs\app.php:11
[03-Feb-2023 23:46:06 America/Lima] App::construct-> No hay controlador especificado
[03-Feb-2023 23:46:06 America/Lima] Login::construct -> Inicio de Login
[03-Feb-2023 23:46:06 America/Lima] Login::render -> Carga el index del login
[03-Feb-2023 23:51:46 America/Lima] Inicio de la Aplicación
[03-Feb-2023 23:51:46 America/Lima] PHP Deprecated:  rtrim(): Passing null to parameter #1 ($string) of type string is deprecated in C:\xampp\htdocs\curso\proyecto\libs\app.php on line 11
[03-Feb-2023 23:51:46 America/Lima] PHP Stack trace:
[03-Feb-2023 23:51:46 America/Lima] PHP   1. {main}() C:\xampp\htdocs\curso\proyecto\index.php:0
[03-Feb-2023 23:51:46 America/Lima] PHP   2. App->__construct() C:\xampp\htdocs\curso\proyecto\index.php:25
[03-Feb-2023 23:51:46 America/Lima] PHP   3. rtrim($string = NULL, $characters = '/') C:\xampp\htdocs\curso\proyecto\libs\app.php:11
[03-Feb-2023 23:51:46 America/Lima] App::construct-> No hay controlador especificado
[03-Feb-2023 23:51:46 America/Lima] Login::construct -> Inicio de Login
[03-Feb-2023 23:51:46 America/Lima] Login::render -> Carga el index del login
[03-Feb-2023 23:51:48 America/Lima] Inicio de la Aplicación
[03-Feb-2023 23:51:48 America/Lima] PHP Deprecated:  rtrim(): Passing null to parameter #1 ($string) of type string is deprecated in C:\xampp\htdocs\curso\proyecto\libs\app.php on line 11
[03-Feb-2023 23:51:48 America/Lima] PHP Stack trace:
[03-Feb-2023 23:51:48 America/Lima] PHP   1. {main}() C:\xampp\htdocs\curso\proyecto\index.php:0
[03-Feb-2023 23:51:48 America/Lima] PHP   2. App->__construct() C:\xampp\htdocs\curso\proyecto\index.php:25
[03-Feb-2023 23:51:48 America/Lima] PHP   3. rtrim($string = NULL, $characters = '/') C:\xampp\htdocs\curso\proyecto\libs\app.php:11
[03-Feb-2023 23:51:48 America/Lima] App::construct-> No hay controlador especificado
[03-Feb-2023 23:51:48 America/Lima] Login::construct -> Inicio de Login
[03-Feb-2023 23:51:48 America/Lima] Login::render -> Carga el index del login
[03-Feb-2023 23:51:53 America/Lima] Inicio de la Aplicación
[03-Feb-2023 23:51:53 America/Lima] PHP Deprecated:  rtrim(): Passing null to parameter #1 ($string) of type string is deprecated in C:\xampp\htdocs\curso\proyecto\libs\app.php on line 11
[03-Feb-2023 23:51:53 America/Lima] PHP Stack trace:
[03-Feb-2023 23:51:53 America/Lima] PHP   1. {main}() C:\xampp\htdocs\curso\proyecto\index.php:0
[03-Feb-2023 23:51:53 America/Lima] PHP   2. App->__construct() C:\xampp\htdocs\curso\proyecto\index.php:25
[03-Feb-2023 23:51:53 America/Lima] PHP   3. rtrim($string = NULL, $characters = '/') C:\xampp\htdocs\curso\proyecto\libs\app.php:11
[03-Feb-2023 23:51:53 America/Lima] App::construct-> No hay controlador especificado
[03-Feb-2023 23:51:53 America/Lima] Login::construct -> Inicio de Login
[03-Feb-2023 23:51:53 America/Lima] Login::render -> Carga el index del login
